NguPhapTiengAnh/app/build/intermediates/manifest_merge_blame_file/debug/manifest-merger-blame-debug-report.txt
1<?xml version="1.0" encoding="utf-8"?>
2<manifest xmlns:android="http://schemas.android.com/apk/res/android"
3    package="com.ductho.nguphaptienganh"
4    android:versionCode="2"
5    android:versionName="1.1" >
6
7    <uses-sdk
8        android:minSdkVersion="19"
8-->src\main\AndroidManifest.xml
9        android:targetSdkVersion="23" />
9-->src\main\AndroidManifest.xml
10
11    <!-- Include required permissions for Google Mobile Ads to run -->
12    <uses-permission android:name="android.permission.INTERNET" />
12-->[com.google.android.gms:play-services-ads-lite:12.0.1] AndroidManifest.xml:23:5-67
12-->[com.google.android.gms:play-services-ads-lite:12.0.1] AndroidManifest.xml:23:22-64
13    <uses-permission android:name="android.permission.ACCESS_NETWORK_STATE" />
13-->[com.google.android.gms:play-services-ads-lite:12.0.1] AndroidManifest.xml:24:5-79
13-->[com.google.android.gms:play-services-ads-lite:12.0.1] AndroidManifest.xml:24:22-76
14
15    <application
15-->src\main\AndroidManifest.xml:4:5-27:19
16        android:allowBackup="true"
16-->src\main\AndroidManifest.xml:5:9-35
17        android:debuggable="true"
18        android:icon="@mipmap/ic_launcher"
18-->src\main\AndroidManifest.xml:6:9-43
19        android:label="@string/app_name"
19-->src\main\AndroidManifest.xml:7:9-41
20        android:roundIcon="@mipmap/ic_launcher_round"
20-->src\main\AndroidManifest.xml:8:9-54
21        android:supportsRtl="true"
21-->src\main\AndroidManifest.xml:9:9-35
22        android:testOnly="true"
23        android:theme="@style/AppTheme" >
23-->src\main\AndroidManifest.xml:10:9-40
24        <activity
24-->src\main\AndroidManifest.xml:11:9-14:60
25            android:name="com.ductho.nguphaptienganh.Activity.LoadLesson"
25-->src\main\AndroidManifest.xml:12:13-48
26            android:label="Lession"
26-->src\main\AndroidManifest.xml:13:13-36
27            android:theme="@style/themelession" />
27-->src\main\AndroidManifest.xml:14:13-48
28        <activity
28-->src\main\AndroidManifest.xml:15:9-24:20
29            android:name="com.ductho.nguphaptienganh.MainActivity"
29-->src\main\AndroidManifest.xml:16:13-41
30            android:label="@string/app_name"
30-->src\main\AndroidManifest.xml:17:13-45
31            android:theme="@style/AppTheme.NoActionBar" >
31-->src\main\AndroidManifest.xml:18:13-56
32            <intent-filter>
32-->src\main\AndroidManifest.xml:19:13-23:29
33                <action android:name="android.intent.action.MAIN" />
33-->src\main\AndroidManifest.xml:20:17-69
33-->src\main\AndroidManifest.xml:20:25-66
34
35                <category android:name="android.intent.category.LAUNCHER" />
35-->src\main\AndroidManifest.xml:22:17-77
35-->src\main\AndroidManifest.xml:22:27-74
36            </intent-filter>
37        </activity>
38        <activity android:name="com.ductho.nguphaptienganh.Activity.NoiDungActivity" />
38-->src\main\AndroidManifest.xml:25:9-62
38-->src\main\AndroidManifest.xml:25:19-59
39        <activity android:name="com.ductho.nguphaptienganh.Activity.LessonActivity" />
39-->src\main\AndroidManifest.xml:26:9-61
39-->src\main\AndroidManifest.xml:26:19-58
40
41        <meta-data
41-->[com.android.support:design:26.1.0] AndroidManifest.xml:26:9-28:38
42            android:name="android.support.VERSION"
42-->[com.android.support:design:26.1.0] AndroidManifest.xml:27:13-51
43            android:value="26.1.0" />
43-->[com.android.support:design:26.1.0] AndroidManifest.xml:28:13-35
44
45        <provider
45-->[com.squareup.picasso:picasso:2.71828] AndroidManifest.xml:8:9-11:40
46            android:name="com.squareup.picasso.PicassoProvider"
46-->[com.squareup.picasso:picasso:2.71828] AndroidManifest.xml:9:13-64
47            android:authorities="com.ductho.nguphaptienganh.com.squareup.picasso"
47-->[com.squareup.picasso:picasso:2.71828] AndroidManifest.xml:10:13-72
48            android:exported="false" /> <!-- Include the AdActivity and InAppPurchaseActivity configChanges and themes. -->
48-->[com.squareup.picasso:picasso:2.71828] AndroidManifest.xml:11:13-37
49        <activity
49-->[com.google.android.gms:play-services-ads-lite:12.0.1] AndroidManifest.xml:29:9-33:64
50            android:name="com.google.android.gms.ads.AdActivity"
50-->[com.google.android.gms:play-services-ads-lite:12.0.1] AndroidManifest.xml:30:13-65
51            android:configChanges="keyboard|keyboardHidden|orientation|screenLayout|uiMode|screenSize|smallestScreenSize"
51-->[com.google.android.gms:play-services-ads-lite:12.0.1] AndroidManifest.xml:31:13-122
52            android:exported="false"
52-->[com.google.android.gms:play-services-ads-lite:12.0.1] AndroidManifest.xml:32:13-37
53            android:theme="@android:style/Theme.Translucent" />
53-->[com.google.android.gms:play-services-ads-lite:12.0.1] AndroidManifest.xml:33:13-61
54
55        <meta-data
55-->[com.google.android.gms:play-services-basement:12.0.1] AndroidManifest.xml:23:9-25:69
56            android:name="com.google.android.gms.version"
56-->[com.google.android.gms:play-services-basement:12.0.1] AndroidManifest.xml:24:13-58
57            android:value="@integer/google_play_services_version" />
57-->[com.google.android.gms:play-services-basement:12.0.1] AndroidManifest.xml:25:13-66
58        <meta-data
58-->[android.arch.lifecycle:runtime:1.0.0] AndroidManifest.xml:25:9-27:47
59            android:name="android.arch.lifecycle.VERSION"
59-->[android.arch.lifecycle:runtime:1.0.0] AndroidManifest.xml:26:13-58
60            android:value="27.0.0-SNAPSHOT" />
60-->[android.arch.lifecycle:runtime:1.0.0] AndroidManifest.xml:27:13-44
61    </application>
62
63</manifest>